<?xml version="1.0" encoding="UTF-8"?>
<testsuite name="chapter2.MainTest" tests="1" skipped="0" failures="0" errors="0" timestamp="2021-01-02T15:26:57" hostname="jaces-MBP.T-mobile.com" time="0.024">
  <properties/>
  <testcase name="diamond_extends_problems()" classname="chapter2.MainTest" time="0.024"/>
  <system-out><![CDATA[Name : David is 23 years old, female
]]></system-out>
  <system-err><![CDATA[]]></system-err>
</testsuite>
